TN:
SF:c:\Users\tunde\Desktop\Fizzo\MyDiary\server\app.js
FN:20,(anonymous_0)
FNF:1
FNH:0
FNDA:0,(anonymous_0)
DA:7,0
DA:10,0
DA:13,0
DA:14,0
DA:15,0
DA:18,0
DA:20,0
DA:21,0
LF:8
LH:0
BRDA:18,0,0,0
BRDA:18,0,1,0
BRF:2
BRH:0
end_of_record
TN:
SF:c:\Users\tunde\Desktop\Fizzo\MyDiary\server\controller\entries.js
FN:19,(anonymous_0)
FN:54,(anonymous_1)
FN:58,(anonymous_2)
FN:81,(anonymous_3)
FN:85,(anonymous_4)
FN:111,(anonymous_5)
FN:129,(anonymous_6)
FN:134,(anonymous_7)
FNF:8
FNH:0
FNDA:0,(anonymous_0)
FNDA:0,(anonymous_1)
FNDA:0,(anonymous_2)
FNDA:0,(anonymous_3)
FNDA:0,(anonymous_4)
FNDA:0,(anonymous_5)
FNDA:0,(anonymous_6)
FNDA:0,(anonymous_7)
DA:20,0
DA:22,0
DA:23,0
DA:26,0
DA:35,0
DA:37,0
DA:55,0
DA:58,0
DA:61,0
DA:62,0
DA:68,0
DA:69,0
DA:82,0
DA:85,0
DA:88,0
DA:89,0
DA:95,0
DA:112,0
DA:130,0
DA:131,0
DA:134,0
DA:137,0
DA:138,0
DA:144,0
DA:146,0
DA:147,0
DA:150,0
DA:151,0
DA:154,0
DA:163,0
DA:164,0
LF:31
LH:0
BRDA:22,0,0,0
BRDA:22,0,1,0
BRDA:22,1,0,0
BRDA:22,1,1,0
BRDA:22,1,2,0
BRDA:22,1,3,0
BRDA:61,2,0,0
BRDA:61,2,1,0
BRDA:88,3,0,0
BRDA:88,3,1,0
BRDA:137,4,0,0
BRDA:137,4,1,0
BRDA:146,5,0,0
BRDA:146,5,1,0
BRDA:146,6,0,0
BRDA:146,6,1,0
BRDA:150,7,0,0
BRDA:150,7,1,0
BRDA:150,8,0,0
BRDA:150,8,1,0
BRF:20
BRH:0
end_of_record
TN:
SF:c:\Users\tunde\Desktop\Fizzo\MyDiary\server\model\db.js
FNF:0
FNH:0
DA:1,0
LF:1
LH:0
BRF:0
BRH:0
end_of_record
TN:
SF:c:\Users\tunde\Desktop\Fizzo\MyDiary\server\route\index.js
FN:6,(anonymous_0)
FNF:1
FNH:0
FNDA:0,(anonymous_0)
DA:4,0
DA:6,0
DA:7,0
DA:9,0
DA:10,0
DA:11,0
DA:12,0
DA:13,0
LF:8
LH:0
BRF:0
BRH:0
end_of_record
TN:
SF:c:\Users\tunde\Desktop\Fizzo\MyDiary\server\test\test.js
FN:16,(anonymous_0)
FN:17,(anonymous_1)
FN:18,(anonymous_2)
FN:19,(anonymous_3)
FN:30,(anonymous_4)
FN:42,(anonymous_5)
FN:43,(anonymous_6)
FN:54,(anonymous_7)
FN:66,(anonymous_8)
FN:67,(anonymous_9)
FN:70,(anonymous_10)
FN:82,(anonymous_11)
FN:83,(anonymous_12)
FN:86,(anonymous_13)
FN:98,(anonymous_14)
FN:99,(anonymous_15)
FN:102,(anonymous_16)
FN:111,(anonymous_17)
FN:112,(anonymous_18)
FN:113,(anonymous_19)
FN:123,(anonymous_20)
FN:132,(anonymous_21)
FN:142,(anonymous_22)
FN:153,(anonymous_23)
FN:154,(anonymous_24)
FN:164,(anonymous_25)
FN:173,(anonymous_26)
FN:183,(anonymous_27)
FN:192,(anonymous_28)
FN:204,(anonymous_29)
FN:214,(anonymous_30)
FN:215,(anonymous_31)
FN:218,(anonymous_32)
FN:227,(anonymous_33)
FN:228,(anonymous_34)
FN:231,(anonymous_35)
FNF:36
FNH:0
FNDA:0,(anonymous_0)
FNDA:0,(anonymous_1)
FNDA:0,(anonymous_2)
FNDA:0,(anonymous_3)
FNDA:0,(anonymous_4)
FNDA:0,(anonymous_5)
FNDA:0,(anonymous_6)
FNDA:0,(anonymous_7)
FNDA:0,(anonymous_8)
FNDA:0,(anonymous_9)
FNDA:0,(anonymous_10)
FNDA:0,(anonymous_11)
FNDA:0,(anonymous_12)
FNDA:0,(anonymous_13)
FNDA:0,(anonymous_14)
FNDA:0,(anonymous_15)
FNDA:0,(anonymous_16)
FNDA:0,(anonymous_17)
FNDA:0,(anonymous_18)
FNDA:0,(anonymous_19)
FNDA:0,(anonymous_20)
FNDA:0,(anonymous_21)
FNDA:0,(anonymous_22)
FNDA:0,(anonymous_23)
FNDA:0,(anonymous_24)
FNDA:0,(anonymous_25)
FNDA:0,(anonymous_26)
FNDA:0,(anonymous_27)
FNDA:0,(anonymous_28)
FNDA:0,(anonymous_29)
FNDA:0,(anonymous_30)
FNDA:0,(anonymous_31)
FNDA:0,(anonymous_32)
FNDA:0,(anonymous_33)
FNDA:0,(anonymous_34)
FNDA:0,(anonymous_35)
DA:12,0
DA:14,0
DA:16,0
DA:17,0
DA:18,0
DA:19,0
DA:20,0
DA:27,0
DA:31,0
DA:32,0
DA:33,0
DA:34,0
DA:35,0
DA:36,0
DA:37,0
DA:42,0
DA:43,0
DA:44,0
DA:51,0
DA:55,0
DA:56,0
DA:57,0
DA:58,0
DA:59,0
DA:60,0
DA:61,0
DA:66,0
DA:67,0
DA:68,0
DA:71,0
DA:72,0
DA:73,0
DA:74,0
DA:75,0
DA:76,0
DA:77,0
DA:82,0
DA:83,0
DA:84,0
DA:87,0
DA:88,0
DA:89,0
DA:90,0
DA:91,0
DA:92,0
DA:93,0
DA:98,0
DA:99,0
DA:100,0
DA:103,0
DA:104,0
DA:105,0
DA:111,0
DA:112,0
DA:113,0
DA:114,0
DA:120,0
DA:124,0
DA:125,0
DA:126,0
DA:127,0
DA:128,0
DA:132,0
DA:133,0
DA:139,0
DA:143,0
DA:144,0
DA:145,0
DA:146,0
DA:147,0
DA:153,0
DA:154,0
DA:155,0
DA:161,0
DA:165,0
DA:166,0
DA:167,0
DA:168,0
DA:169,0
DA:173,0
DA:174,0
DA:180,0
DA:184,0
DA:185,0
DA:186,0
DA:187,0
DA:188,0
DA:192,0
DA:193,0
DA:201,0
DA:205,0
DA:206,0
DA:207,0
DA:208,0
DA:209,0
DA:214,0
DA:215,0
DA:216,0
DA:219,0
DA:220,0
DA:221,0
DA:222,0
DA:227,0
DA:228,0
DA:229,0
DA:232,0
DA:233,0
DA:234,0
DA:235,0
DA:236,0
LF:110
LH:0
BRDA:36,0,0,0
BRDA:36,0,1,0
BRDA:60,1,0,0
BRDA:60,1,1,0
BRDA:76,2,0,0
BRDA:76,2,1,0
BRDA:92,3,0,0
BRDA:92,3,1,0
BRDA:104,4,0,0
BRDA:104,4,1,0
BRDA:127,5,0,0
BRDA:127,5,1,0
BRDA:146,6,0,0
BRDA:146,6,1,0
BRDA:168,7,0,0
BRDA:168,7,1,0
BRDA:187,8,0,0
BRDA:187,8,1,0
BRDA:208,9,0,0
BRDA:208,9,1,0
BRDA:221,10,0,0
BRDA:221,10,1,0
BRDA:235,11,0,0
BRDA:235,11,1,0
BRF:24
BRH:0
end_of_record
TN:
SF:c:\Users\tunde\Desktop\Fizzo\MyDiary\server\utils\guid.js
FN:6,(anonymous_0)
FN:10,(anonymous_1)
FNF:2
FNH:0
FNDA:0,(anonymous_0)
FNDA:0,(anonymous_1)
DA:6,0
DA:10,0
DA:13,0
LF:3
LH:0
BRF:0
BRH:0
end_of_record
TN:
SF:c:\Users\tunde\Desktop\Fizzo\MyDiary\server\utils\moment.js
FNF:0
FNH:0
DA:3,0
DA:4,0
LF:2
LH:0
BRF:0
BRH:0
end_of_record
